2022-10-20 16:00:25.620  INFO 248 --- [restartedMain] o.a.c.c.C.[Tomcat].[localhost].[/]       : Initializing Spring embedded WebApplicationContext
2022-10-20 16:00:25.634  INFO 248 --- [restartedMain] w.s.c.ServletWebServerApplicationContext : Root WebApplicationContext: initialization completed in 11558 ms
2022-10-20 16:00:26.439  INFO 248 --- [restartedMain] o.hibernate.jpa.internal.util.LogHelper  : HHH000204: Processing PersistenceUnitInfo [name: default]
2022-10-20 16:00:26.727  INFO 248 --- [restartedMain] org.hibernate.Version                    : HHH000412: Hibernate ORM core version 5.6.11.Final
2022-10-20 16:00:27.542  INFO 248 --- [restartedMain] o.hibernate.annotations.common.Version   : HCANN000001: Hibernate Commons Annotations {5.1.2.Final}
2022-10-20 16:00:27.906  INFO 248 --- [restartedMain] com.zaxxer.hikari.HikariDataSource       : HikariPool-1 - Starting...
2022-10-20 16:00:28.429  INFO 248 --- [restartedMain] com.zaxxer.hikari.HikariDataSource       : HikariPool-1 - Start completed.
2022-10-20 16:00:28.486  INFO 248 --- [restartedMain] org.hibernate.dialect.Dialect            : HHH000400: Using dialect: org.hibernate.dialect.PostgreSQLDialect
2022-10-20 16:00:31.643  INFO 248 --- [restartedMain] o.h.e.t.j.p.i.JtaPlatformInitiator       : HHH000490: Using JtaPlatform implementation: [org.hibernate.engine.transaction.jta.platform.internal.NoJtaPlatform]
2022-10-20 16:00:31.663  INFO 248 --- [restartedMain] j.LocalContainerEntityManagerFactoryBean : Initialized JPA EntityManagerFactory for persistence unit 'default'
2022-10-20 16:00:34.583  INFO 248 --- [restartedMain] o.s.s.web.DefaultSecurityFilterChain     : Will secure any request with [org.springframework.security.web.session.DisableEncodeUrlFilter@5d750b74, org.springframework.security.web.context.request.async.WebAsyncManagerIntegrationFilter@9d5a3fa, org.springframework.security.web.context.SecurityContextPersistenceFilter@172d1145, org.springframework.security.web.header.HeaderWriterFilter@d7822ec, org.springframework.security.web.authentication.logout.LogoutFilter@1e469e73, com.amaris.common.jwt.JwtRequestFilter@60a3fc88, org.springframework.security.web.savedrequest.RequestCacheAwareFilter@44c66df4, org.springframework.security.web.servletapi.SecurityContextHolderAwareRequestFilter@3b1eeb10, org.springframework.security.web.authentication.AnonymousAuthenticationFilter@42baf37f, org.springframework.security.web.session.SessionManagementFilter@18114070, org.springframework.security.web.access.ExceptionTranslationFilter@40397cc7, org.springframework.security.web.access.intercept.FilterSecurityInterceptor@323b13e3]
2022-10-20 16:00:35.702  WARN 248 --- [restartedMain] JpaBaseConfiguration$JpaWebConfiguration : spring.jpa.open-in-view is enabled by default. Therefore, database queries may be performed during view rendering. Explicitly configure spring.jpa.open-in-view to disable this warning
2022-10-20 16:00:43.001  INFO 248 --- [restartedMain] o.s.b.d.a.OptionalLiveReloadServer       : LiveReload server is running on port 35729
2022-10-20 16:00:43.134  INFO 248 --- [restartedMain] o.s.b.w.embedded.tomcat.TomcatWebServer  : Tomcat started on port(s): 8080 (http) with context path ''
2022-10-20 16:00:43.161  INFO 248 --- [restartedMain] com.amaris.TrainingApplication           : Started TrainingApplication in 30.939 seconds (JVM running for 33.41)
2022-10-20 16:01:40.568  INFO 248 --- [http-nio-8080-exec-1] o.a.c.c.C.[Tomcat].[localhost].[/]       : Initializing Spring DispatcherServlet 'dispatcherServlet'
2022-10-20 16:01:40.572  INFO 248 --- [http-nio-8080-exec-1] o.s.web.servlet.DispatcherServlet        : Initializing Servlet 'dispatcherServlet'
2022-10-20 16:01:40.621  INFO 248 --- [http-nio-8080-exec-1] o.s.web.servlet.DispatcherServlet        : Completed initialization in 47 ms
2022-10-20 16:01:42.670  INFO 248 --- [http-nio-8080-exec-8] o.springdoc.api.AbstractOpenApiResource  : Init duration for springdoc-openapi is: 1129 ms
2022-10-20 16:01:54.588  WARN 248 --- [http-nio-8080-exec-4] .m.m.a.ExceptionHandlerExceptionResolver : Resolved [org.springframework.web.bind.MissingPathVariableException: Required URI template variable 'pageNo' for method parameter type int is not present]
2022-10-20 16:02:14.241  INFO 248 --- [http-nio-8080-exec-5] com.amaris.logger.LoggerAspect           : Enter: com.amaris.web.rest.ItemController.createItem() with argument[s] = [ItemDto(itemId=2, itemName=string, description=string, catalogId=1)]
2022-10-20 16:02:14.270  INFO 248 --- [http-nio-8080-exec-5] com.amaris.logger.LoggerAspect           : Enter: com.amaris.service.impls.ItemServiceImpl.createItem() with argument[s] = [ItemDto(itemId=2, itemName=string, description=string, catalogId=1)]
